------------------------------------------------------------------------------------------------------------------------

[2012-06-30 19:33:39 #1 type] 
Type org.dyndns.fzoli.mill.server.model.entity.Player is not enhanced.

[2012-06-30 19:33:39 #2 type] 
Type org.dyndns.fzoli.mill.server.model.entity.Message is not enhanced.

[2012-06-30 19:33:39 #3 type] 
Type org.dyndns.fzoli.mill.server.model.entity.PersonalData is not enhanced.

[2012-06-30 19:33:40 #4 type] 
Type org.dyndns.fzoli.mill.server.model.entity.Validator is not enhanced.

------------------------------------------------------------------------------------------------------------------------

[2012-06-30 19:35:33 #1 type] 
Type org.dyndns.fzoli.mill.server.model.entity.Player is not enhanced.

[2012-06-30 19:35:33 #2 type] 
Type org.dyndns.fzoli.mill.server.model.entity.Message is not enhanced.

[2012-06-30 19:35:33 #3 type] 
Type org.dyndns.fzoli.mill.server.model.entity.PersonalData is not enhanced.

[2012-06-30 19:35:33 #4 type] 
Type org.dyndns.fzoli.mill.server.model.entity.Validator is not enhanced.

------------------------------------------------------------------------------------------------------------------------

[2012-06-30 19:36:51 #1 type] 
Type org.dyndns.fzoli.mill.server.model.entity.Player is not enhanced.

[2012-06-30 19:36:51 #2 type] 
Type org.dyndns.fzoli.mill.server.model.entity.Message is not enhanced.

[2012-06-30 19:36:51 #3 type] 
Type org.dyndns.fzoli.mill.server.model.entity.PersonalData is not enhanced.

[2012-06-30 19:36:52 #4 type] 
Type org.dyndns.fzoli.mill.server.model.entity.Validator is not enhanced.

------------------------------------------------------------------------------------------------------------------------

[2012-06-30 19:38:44 #1 type] 
Type org.dyndns.fzoli.mill.server.model.entity.Player is not enhanced.

[2012-06-30 19:38:44 #2 type] 
Type org.dyndns.fzoli.mill.server.model.entity.Message is not enhanced.

[2012-06-30 19:38:44 #3 type] 
Type org.dyndns.fzoli.mill.server.model.entity.PersonalData is not enhanced.

[2012-06-30 19:38:44 #4 type] 
Type org.dyndns.fzoli.mill.server.model.entity.Validator is not enhanced.

